#
# There is insufficient memory for the Java Runtime Environment to continue.
# Native memory allocation (malloc) failed to allocate 32744 bytes for Chunk::new
# Possible reasons:
#   The system is out of physical RAM or swap space
#   The process is running with CompressedOops enabled, and the Java Heap may be blocking the growth of the native heap
# Possible solutions:
#   Reduce memory load on the system
#   Increase physical memory or swap space
#   Check if swap backing store is full
#   Decrease Java heap size (-Xmx/-Xms)
#   Decrease number of Java threads
#   Decrease Java thread stack sizes (-Xss)
#   Set larger code cache with -XX:ReservedCodeCacheSize=
#   JVM is running with Unscaled Compressed Oops mode in which the Java heap is
#     placed in the first 4GB address space. The Java Heap base address is the
#     maximum limit for the native heap growth. Please use -XX:HeapBaseMinAddress
#     to set the Java Heap base and to place the Java Heap above 4GB virtual address.
# This output file may be truncated or incomplete.
#
#  Out of Memory Error (arena.cpp:184), pid=9228, tid=8268
#
# JRE version: Java(TM) SE Runtime Environment (18.0.2.1+1) (build 18.0.2.1+1-1)
# Java VM: Java HotSpot(TM) 64-Bit Server VM (18.0.2.1+1-1, mixed mode, emulated-client, sharing, tiered, compressed oops, compressed class ptrs, g1 gc, windows-amd64)
# No core dump will be written. Minidumps are not enabled by default on client versions of Windows
#

---------------  S U M M A R Y ------------

Command Line: -XX:TieredStopAtLevel=1 com.example.demo.CarDealershipApplication

Host: Intel(R) Core(TM) i3-1005G1 CPU @ 1.20GHz, 4 cores, 7G,  Windows 10 , 64 bit Build 19041 (10.0.19041.1466)
Time: Thu Apr  6 23:22:56 2023  Windows 10 , 64 bit Build 19041 (10.0.19041.1466) elapsed time: 13.029575 seconds (0d 0h 0m 13s)

---------------  T H R E A D  ---------------

Current thread (0x0000026524490a30):  JavaThread "C1 CompilerThread1" daemon [_thread_in_vm, id=8268, stack(0x000000fe58a00000,0x000000fe58b00000)]


Current CompileTask:
C1:  13029 3794   !   1       sun.net.www.protocol.jar.JarFileFactory::cacheIfAbsent (90 bytes)

Stack: [0x000000fe58a00000,0x000000fe58b00000]
Native frames: (J=compiled Java code, j=interpreted, Vv=VM code, C=native code)
V  [jvm.dll+0x6993aa]
V  [jvm.dll+0x7f46dd]
V  [jvm.dll+0x7f5fee]
V  [jvm.dll+0x7f66a3]
V  [jvm.dll+0x25cf1f]
V  [jvm.dll+0xb8c2f]
V  [jvm.dll+0xb8fa5]
V  [jvm.dll+0x1ef9da]
V  [jvm.dll+0x1e39d7]
V  [jvm.dll+0x1ed292]
V  [jvm.dll+0x1eda53]
V  [jvm.dll+0x1e79e4]
V  [jvm.dll+0x1524f4]
V  [jvm.dll+0x154d89]
V  [jvm.dll+0x153074]
V  [jvm.dll+0x15b98d]
V  [jvm.dll+0x15aeb5]
V  [jvm.dll+0x1527e6]
V  [jvm.dll+0x154d89]
V  [jvm.dll+0x152f7c]
V  [jvm.dll+0x15b98d]
V  [jvm.dll+0x15aeb5]
V  [jvm.dll+0x1527e6]
V  [jvm.dll+0x154d89]
V  [jvm.dll+0x153074]
V  [jvm.dll+0x14ce26]
V  [jvm.dll+0x15ca96]
V  [jvm.dll+0x1484e0]
V  [jvm.dll+0x148840]
V  [jvm.dll+0x148b26]
V  [jvm.dll+0x147f9a]
V  [jvm.dll+0x149c81]
V  [jvm.dll+0x23ee0a]
V  [jvm.dll+0x23d0f5]
V  [jvm.dll+0x7a6dd1]
V  [jvm.dll+0x7a120a]
V  [jvm.dll+0x698255]
C  [ucrtbase.dll+0x21bb2]
C  [KERNEL32.DLL+0x17034]
C  [ntdll.dll+0x52651]


---------------  P R O C E S S  ---------------

Threads class SMR info:
_java_thread_list=0x000002653b5b4130, length=13, elements={
0x000002652448fa90, 0x0000026535ab5a80, 0x0000026535ab6bc0, 0x0000026535acce60,
0x0000026535acd710, 0x0000026535ace0b0, 0x0000026535acea50, 0x0000026535acf3f0,
0x0000026535b01aa0, 0x0000026539d69450, 0x0000026539d6f4f0, 0x0000026524490a30,
0x000002653b2f4510
}

Java Threads: ( => current thread )
  0x000002652448fa90 JavaThread "main" [_thread_in_native, id=16556, stack(0x000000fe57800000,0x000000fe57900000)]
  0x0000026535ab5a80 JavaThread "Reference Handler" daemon [_thread_blocked, id=15972, stack(0x000000fe57f00000,0x000000fe58000000)]
  0x0000026535ab6bc0 JavaThread "Finalizer" daemon [_thread_blocked, id=3332, stack(0x000000fe58000000,0x000000fe58100000)]
  0x0000026535acce60 JavaThread "Signal Dispatcher" daemon [_thread_blocked, id=15044, stack(0x000000fe58100000,0x000000fe58200000)]
  0x0000026535acd710 JavaThread "Attach Listener" daemon [_thread_blocked, id=11192, stack(0x000000fe58200000,0x000000fe58300000)]
  0x0000026535ace0b0 JavaThread "Service Thread" daemon [_thread_blocked, id=12800, stack(0x000000fe58300000,0x000000fe58400000)]
  0x0000026535acea50 JavaThread "Monitor Deflation Thread" daemon [_thread_blocked, id=9848, stack(0x000000fe58400000,0x000000fe58500000)]
  0x0000026535acf3f0 JavaThread "C1 CompilerThread0" daemon [_thread_blocked, id=17052, stack(0x000000fe58500000,0x000000fe58600000)]
  0x0000026535b01aa0 JavaThread "Sweeper thread" daemon [_thread_blocked, id=17148, stack(0x000000fe58600000,0x000000fe58700000)]
  0x0000026539d69450 JavaThread "Notification Thread" daemon [_thread_blocked, id=3232, stack(0x000000fe58700000,0x000000fe58800000)]
  0x0000026539d6f4f0 JavaThread "Common-Cleaner" daemon [_thread_blocked, id=8652, stack(0x000000fe58900000,0x000000fe58a00000)]
=>0x0000026524490a30 JavaThread "C1 CompilerThread1" daemon [_thread_in_vm, id=8268, stack(0x000000fe58a00000,0x000000fe58b00000)]
  0x000002653b2f4510 JavaThread "mysql-cj-abandoned-connection-cleanup" daemon [_thread_blocked, id=6348, stack(0x000000fe59300000,0x000000fe59400000)]

Other Threads:
  0x0000026535ab2440 VMThread "VM Thread" [stack: 0x000000fe57e00000,0x000000fe57f00000] [id=11772]
  0x0000026539d6a0b0 WatcherThread "VM Periodic Task Thread" [stack: 0x000000fe58800000,0x000000fe58900000] [id=2708]
  0x00000265244eca90 WorkerThread "GC Thread#0" [stack: 0x000000fe57900000,0x000000fe57a00000] [id=1304]
  0x000002653a524ba0 WorkerThread "GC Thread#1" [stack: 0x000000fe58c00000,0x000000fe58d00000] [id=15604]
  0x000002653a30aca0 WorkerThread "GC Thread#2" [stack: 0x000000fe58d00000,0x000000fe58e00000] [id=16920]
  0x000002653a31a520 WorkerThread "GC Thread#3" [stack: 0x000000fe58e00000,0x000000fe58f00000] [id=14032]
  0x00000265244fd1c0 ConcurrentGCThread "G1 Main Marker" [stack: 0x000000fe57a00000,0x000000fe57b00000] [id=8488]
  0x00000265244ff360 WorkerThread "G1 Conc#0" [stack: 0x000000fe57b00000,0x000000fe57c00000] [id=12404]
  0x000002652453d690 ConcurrentGCThread "G1 Refine#0" [stack: 0x000000fe57c00000,0x000000fe57d00000] [id=16592]
  0x000002653a31a7c0 ConcurrentGCThread "G1 Refine#1" [stack: 0x000000fe58f00000,0x000000fe59000000] [id=11692]
  0x000002652453dfa0 ConcurrentGCThread "G1 Service" [stack: 0x000000fe57d00000,0x000000fe57e00000] [id=16944]

Threads with active compile tasks:
C1 CompilerThread1    13065 3794   !   1       sun.net.www.protocol.jar.JarFileFactory::cacheIfAbsent (90 bytes)

VM state: not at safepoint (normal execution)

VM Mutex/Monitor currently owned by a thread: None

OutOfMemory and StackOverflow Exception counts:
OutOfMemoryError java_heap_errors=1
LinkageErrors=62

Heap address: 0x0000000084000000, size: 1984 MB, Compressed Oops mode: 32-bit

CDS archive(s) mapped at: [0x0000000800000000-0x0000000800ba0000-0x0000000800ba0000), size 12189696, SharedBaseAddress: 0x0000000800000000, ArchiveRelocationMode: 0.
Compressed class space mapped at: 0x0000000800c00000-0x0000000840c00000, reserved size: 1073741824
Narrow klass base: 0x0000000800000000, Narrow klass shift: 0, Narrow klass range: 0x100000000

GC Precious Log:
 CardTable entry size: 512
 Card Set container configuration: InlinePtr #cards 5 size 8 Array Of Cards #cards 12 size 40 Howl #buckets 4 coarsen threshold 1843 Howl Bitmap #cards 512 size 80 coarsen threshold 460 Card regions per heap region 1 cards per card region 2048
 CPUs: 4 total, 4 available
 Memory: 7928M
 Large Page Support: Disabled
 NUMA Support: Disabled
 Compressed Oops: Enabled (32-bit)
 Heap Region Size: 1M
 Heap Min Capacity: 8M
 Heap Initial Capacity: 124M
 Heap Max Capacity: 1984M
 Pre-touch: Disabled
 Parallel Workers: 4
 Concurrent Workers: 1
 Concurrent Refinement Workers: 4
 Periodic GC: Disabled

Heap:
 garbage-first heap   total 193536K, used 131704K [0x0000000084000000, 0x0000000100000000)
  region size 1024K, 85 young (87040K), 1 survivors (1024K)
 Metaspace       used 28215K, committed 28544K, reserved 1114112K
  class space    used 3975K, committed 4096K, reserved 1048576K

Heap Regions: E=young(eden), S=young(survivor), O=old, HS=humongous(starts), HC=humongous(continues), CS=collection set, F=free, OA=open archive, CA=closed archive, TAMS=top-at-mark-start (previous, next)
|   0|0x0000000084000000, 0x0000000084100000, 0x0000000084100000|100%|HS|  |TAMS 0x0000000084100000, 0x0000000084000000| Complete 
|   1|0x0000000084100000, 0x0000000084200000, 0x0000000084200000|100%| O|  |TAMS 0x0000000084200000, 0x0000000084100000| Untracked 
|   2|0x0000000084200000, 0x0000000084300000, 0x0000000084300000|100%| O|  |TAMS 0x0000000084300000, 0x0000000084200000| Untracked 
|   3|0x0000000084300000, 0x0000000084400000, 0x0000000084400000|100%| O|  |TAMS 0x0000000084400000, 0x0000000084300000| Untracked 
|   4|0x0000000084400000, 0x0000000084500000, 0x0000000084500000|100%| O|  |TAMS 0x0000000084500000, 0x0000000084400000| Untracked 
|   5|0x0000000084500000, 0x0000000084600000, 0x0000000084600000|100%| O|  |TAMS 0x0000000084600000, 0x0000000084500000| Untracked 
|   6|0x0000000084600000, 0x000000008467ec00, 0x0000000084700000| 49%| O|  |TAMS 0x000000008467ec00, 0x0000000084600000| Untracked 
|   7|0x0000000084700000, 0x0000000084800000, 0x0000000084800000|100%| O|  |TAMS 0x0000000084700000, 0x0000000084700000| Untracked 
|   8|0x0000000084800000, 0x0000000084900000, 0x0000000084900000|100%| O|  |TAMS 0x0000000084800000, 0x0000000084800000| Untracked 
|   9|0x0000000084900000, 0x0000000084a00000, 0x0000000084a00000|100%| O|  |TAMS 0x0000000084900000, 0x0000000084900000| Untracked 
|  10|0x0000000084a00000, 0x0000000084b00000, 0x0000000084b00000|100%| O|  |TAMS 0x0000000084a00000, 0x0000000084a00000| Untracked 
|  11|0x0000000084b00000, 0x0000000084c00000, 0x0000000084c00000|100%| O|  |TAMS 0x0000000084b00000, 0x0000000084b00000| Untracked 
|  12|0x0000000084c00000, 0x0000000084d00000, 0x0000000084d00000|100%| O|  |TAMS 0x0000000084c00000, 0x0000000084c00000| Untracked 
|  13|0x0000000084d00000, 0x0000000084e00000, 0x0000000084e00000|100%| O|  |TAMS 0x0000000084d00000, 0x0000000084d00000| Untracked 
|  14|0x0000000084e00000, 0x0000000084f00000, 0x0000000084f00000|100%| O|  |TAMS 0x0000000084e00000, 0x0000000084e00000| Untracked 
|  15|0x0000000084f00000, 0x0000000085000000, 0x0000000085000000|100%| O|  |TAMS 0x0000000084f00000, 0x0000000084f00000| Untracked 
|  16|0x0000000085000000, 0x0000000085100000, 0x0000000085100000|100%| O|  |TAMS 0x0000000085000000, 0x0000000085000000| Untracked 
|  17|0x0000000085100000, 0x0000000085200000, 0x0000000085200000|100%| O|  |TAMS 0x0000000085100000, 0x0000000085100000| Untracked 
|  18|0x0000000085200000, 0x0000000085300000, 0x0000000085300000|100%| O|  |TAMS 0x0000000085200000, 0x0000000085200000| Untracked 
|  19|0x0000000085300000, 0x0000000085400000, 0x0000000085400000|100%| O|  |TAMS 0x0000000085300000, 0x0000000085300000| Untracked 
|  20|0x0000000085400000, 0x0000000085500000, 0x0000000085500000|100%| O|  |TAMS 0x0000000085400000, 0x0000000085400000| Untracked 
|  21|0x0000000085500000, 0x0000000085600000, 0x0000000085600000|100%| O|  |TAMS 0x0000000085500000, 0x0000000085500000| Untracked 
|  22|0x0000000085600000, 0x0000000085700000, 0x0000000085700000|100%| O|  |TAMS 0x0000000085600000, 0x0000000085600000| Untracked 
|  23|0x0000000085700000, 0x0000000085800000, 0x0000000085800000|100%| O|  |TAMS 0x0000000085700000, 0x0000000085700000| Untracked 
|  24|0x0000000085800000, 0x0000000085900000, 0x0000000085900000|100%| O|  |TAMS 0x0000000085800000, 0x0000000085800000| Untracked 
|  25|0x0000000085900000, 0x0000000085a00000, 0x0000000085a00000|100%| O|  |TAMS 0x0000000085900000, 0x0000000085900000| Untracked 
|  26|0x0000000085a00000, 0x0000000085b00000, 0x0000000085b00000|100%| O|  |TAMS 0x0000000085a00000, 0x0000000085a00000| Untracked 
|  27|0x0000000085b00000, 0x0000000085c00000, 0x0000000085c00000|100%| O|  |TAMS 0x0000000085b00000, 0x0000000085b00000| Untracked 
|  28|0x0000000085c00000, 0x0000000085d00000, 0x0000000085d00000|100%| O|  |TAMS 0x0000000085c00000, 0x0000000085c00000| Untracked 
|  29|0x0000000085d00000, 0x0000000085e00000, 0x0000000085e00000|100%| O|  |TAMS 0x0000000085d00000, 0x0000000085d00000| Untracked 
|  30|0x0000000085e00000, 0x0000000085f00000, 0x0000000085f00000|100%| O|  |TAMS 0x0000000085e00000, 0x0000000085e00000| Untracked 
|  31|0x0000000085f00000, 0x0000000086000000, 0x0000000086000000|100%| O|  |TAMS 0x0000000085f00000, 0x0000000085f00000| Untracked 
|  32|0x0000000086000000, 0x0000000086100000, 0x0000000086100000|100%| O|  |TAMS 0x0000000086000000, 0x0000000086000000| Untracked 
|  33|0x0000000086100000, 0x0000000086200000, 0x0000000086200000|100%| O|  |TAMS 0x0000000086100000, 0x0000000086100000| Untracked 
|  34|0x0000000086200000, 0x0000000086300000, 0x0000000086300000|100%| O|  |TAMS 0x0000000086200000, 0x0000000086200000| Untracked 
|  35|0x0000000086300000, 0x0000000086400000, 0x0000000086400000|100%| O|  |TAMS 0x0000000086300000, 0x0000000086300000| Untracked 
|  36|0x0000000086400000, 0x0000000086500000, 0x0000000086500000|100%| O|  |TAMS 0x0000000086400000, 0x0000000086400000| Untracked 
|  37|0x0000000086500000, 0x0000000086600000, 0x0000000086600000|100%| O|  |TAMS 0x0000000086500000, 0x0000000086500000| Untracked 
|  38|0x0000000086600000, 0x0000000086700000, 0x0000000086700000|100%| O|  |TAMS 0x0000000086600000, 0x0000000086600000| Untracked 
|  39|0x0000000086700000, 0x0000000086800000, 0x0000000086800000|100%| O|  |TAMS 0x0000000086700000, 0x0000000086700000| Untracked 
|  40|0x0000000086800000, 0x0000000086900000, 0x0000000086900000|100%| O|  |TAMS 0x0000000086800000, 0x0000000086800000| Untracked 
|  41|0x0000000086900000, 0x0000000086a00000, 0x0000000086a00000|100%| O|  |TAMS 0x0000000086900000, 0x0000000086900000| Untracked 
|  42|0x0000000086a00000, 0x0000000086a25800, 0x0000000086b00000| 14%| O|  |TAMS 0x0000000086a00000, 0x0000000086a00000| Untracked 
|  43|0x0000000086b00000, 0x0000000086b00000, 0x0000000086c00000|  0%| F|  |TAMS 0x0000000086b00000, 0x0000000086b00000| Untracked 
|  44|0x0000000086c00000, 0x0000000086c00000, 0x0000000086d00000|  0%| F|  |TAMS 0x0000000086c00000, 0x0000000086c00000| Untracked 
|  45|0x0000000086d00000, 0x0000000086d00000, 0x0000000086e00000|  0%| F|  |TAMS 0x0000000086d00000, 0x0000000086d00000| Untracked 
|  46|0x0000000086e00000, 0x0000000086e00000, 0x0000000086f00000|  0%| F|  |TAMS 0x0000000086e00000, 0x0000000086e00000| Untracked 
|  47|0x0000000086f00000, 0x0000000086f00000, 0x0000000087000000|  0%| F|  |TAMS 0x0000000086f00000, 0x0000000086f00000| Untracked 
|  48|0x0000000087000000, 0x0000000087000000, 0x0000000087100000|  0%| F|  |TAMS 0x0000000087000000, 0x0000000087000000| Untracked 
|  49|0x0000000087100000, 0x0000000087100000, 0x0000000087200000|  0%| F|  |TAMS 0x0000000087100000, 0x0000000087100000| Untracked 
|  50|0x0000000087200000, 0x0000000087200000, 0x0000000087300000|  0%| F|  |TAMS 0x0000000087200000, 0x0000000087200000| Untracked 
|  51|0x0000000087300000, 0x0000000087300000, 0x0000000087400000|  0%| F|  |TAMS 0x0000000087300000, 0x0000000087300000| Untracked 
|  52|0x0000000087400000, 0x0000000087400000, 0x0000000087500000|  0%| F|  |TAMS 0x0000000087400000, 0x0000000087400000| Untracked 
|  53|0x0000000087500000, 0x0000000087500000, 0x0000000087600000|  0%| F|  |TAMS 0x0000000087500000, 0x0000000087500000| Untracked 
|  54|0x0000000087600000, 0x0000000087600000, 0x0000000087700000|  0%| F|  |TAMS 0x0000000087600000, 0x0000000087600000| Untracked 
|  55|0x0000000087700000, 0x0000000087700000, 0x0000000087800000|  0%| F|  |TAMS 0x0000000087700000, 0x0000000087700000| Untracked 
|  56|0x0000000087800000, 0x0000000087800000, 0x0000000087900000|  0%| F|  |TAMS 0x0000000087800000, 0x0000000087800000| Untracked 
|  57|0x0000000087900000, 0x0000000087900000, 0x0000000087a00000|  0%| F|  |TAMS 0x0000000087900000, 0x0000000087900000| Untracked 
|  58|0x0000000087a00000, 0x0000000087a00000, 0x0000000087b00000|  0%| F|  |TAMS 0x0000000087a00000, 0x0000000087a00000| Untracked 
|  59|0x0000000087b00000, 0x0000000087b00000, 0x0000000087c00000|  0%| F|  |TAMS 0x0000000087b00000, 0x0000000087b00000| Untracked 
|  60|0x0000000087c00000, 0x0000000087c00000, 0x0000000087d00000|  0%| F|  |TAMS 0x0000000087c00000, 0x0000000087c00000| Untracked 
|  61|0x0000000087d00000, 0x0000000087d00000, 0x0000000087e00000|  0%| F|  |TAMS 0x0000000087d00000, 0x0000000087d00000| Untracked 
|  62|0x0000000087e00000, 0x0000000087e00000, 0x0000000087f00000|  0%| F|  |TAMS 0x0000000087e00000, 0x0000000087e00000| Untracked 
|  63|0x0000000087f00000, 0x0000000087f00000, 0x0000000088000000|  0%| F|  |TAMS 0x0000000087f00000, 0x0000000087f00000| Untracked 
|  64|0x0000000088000000, 0x0000000088000000, 0x0000000088100000|  0%| F|  |TAMS 0x0000000088000000, 0x0000000088000000| Untracked 
|  65|0x0000000088100000, 0x0000000088100000, 0x0000000088200000|  0%| F|  |TAMS 0x0000000088100000, 0x0000000088100000| Untracked 
|  66|0x0000000088200000, 0x0000000088200000, 0x0000000088300000|  0%| F|  |TAMS 0x0000000088200000, 0x0000000088200000| Untracked 
|  67|0x0000000088300000, 0x0000000088300000, 0x0000000088400000|  0%| F|  |TAMS 0x0000000088300000, 0x0000000088300000| Untracked 
|  68|0x0000000088400000, 0x0000000088400000, 0x0000000088500000|  0%| F|  |TAMS 0x0000000088400000, 0x0000000088400000| Untracked 
|  69|0x0000000088500000, 0x0000000088500000, 0x0000000088600000|  0%| F|  |TAMS 0x0000000088500000, 0x0000000088500000| Untracked 
|  70|0x0000000088600000, 0x0000000088600000, 0x0000000088700000|  0%| F|  |TAMS 0x0000000088600000, 0x0000000088600000| Untracked 
|  71|0x0000000088700000, 0x0000000088700000, 0x0000000088800000|  0%| F|  |TAMS 0x0000000088700000, 0x0000000088700000| Untracked 
|  72|0x0000000088800000, 0x00000000888f9d30, 0x0000000088900000| 97%| S|CS|TAMS 0x0000000088800000, 0x0000000088800000| Complete 
|  73|0x0000000088900000, 0x0000000088900000, 0x0000000088a00000|  0%| F|  |TAMS 0x0000000088900000, 0x0000000088900000| Untracked 
|  74|0x0000000088a00000, 0x0000000088a00000, 0x0000000088b00000|  0%| F|  |TAMS 0x0000000088a00000, 0x0000000088a00000| Untracked 
|  75|0x0000000088b00000, 0x0000000088b00000, 0x0000000088c00000|  0%| F|  |TAMS 0x0000000088b00000, 0x0000000088b00000| Untracked 
|  76|0x0000000088c00000, 0x0000000088c00000, 0x0000000088d00000|  0%| F|  |TAMS 0x0000000088c00000, 0x0000000088c00000| Untracked 
|  77|0x0000000088d00000, 0x0000000088d00000, 0x0000000088e00000|  0%| F|  |TAMS 0x0000000088d00000, 0x0000000088d00000| Untracked 
|  78|0x0000000088e00000, 0x0000000088e00000, 0x0000000088f00000|  0%| F|  |TAMS 0x0000000088e00000, 0x0000000088e00000| Untracked 
|  79|0x0000000088f00000, 0x0000000088f00000, 0x0000000089000000|  0%| F|  |TAMS 0x0000000088f00000, 0x0000000088f00000| Untracked 
|  80|0x0000000089000000, 0x0000000089000000, 0x0000000089100000|  0%| F|  |TAMS 0x0000000089000000, 0x0000000089000000| Untracked 
|  81|0x0000000089100000, 0x0000000089100000, 0x0000000089200000|  0%| F|  |TAMS 0x0000000089100000, 0x0000000089100000| Untracked 
|  82|0x0000000089200000, 0x0000000089200000, 0x0000000089300000|  0%| F|  |TAMS 0x0000000089200000, 0x0000000089200000| Untracked 
|  83|0x0000000089300000, 0x0000000089300000, 0x0000000089400000|  0%| F|  |TAMS 0x0000000089300000, 0x0000000089300000| Untracked 
|  84|0x0000000089400000, 0x0000000089400000, 0x0000000089500000|  0%| F|  |TAMS 0x0000000089400000, 0x0000000089400000| Untracked 
|  85|0x0000000089500000, 0x0000000089500000, 0x0000000089600000|  0%| F|  |TAMS 0x0000000089500000, 0x0000000089500000| Untracked 
|  86|0x0000000089600000, 0x0000000089600000, 0x0000000089700000|  0%| F|  |TAMS 0x0000000089600000, 0x0000000089600000| Untracked 
|  87|0x0000000089700000, 0x0000000089700000, 0x0000000089800000|  0%| F|  |TAMS 0x0000000089700000, 0x0000000089700000| Untracked 
|  88|0x0000000089800000, 0x0000000089800000, 0x0000000089900000|  0%| F|  |TAMS 0x0000000089800000, 0x0000000089800000| Untracked 
|  89|0x0000000089900000, 0x0000000089900000, 0x0000000089a00000|  0%| F|  |TAMS 0x0000000089900000, 0x0000000089900000| Untracked 
|  90|0x0000000089a00000, 0x0000000089a00000, 0x0000000089b00000|  0%| F|  |TAMS 0x0000000089a00000, 0x0000000089a00000| Untracked 
|  91|0x0000000089b00000, 0x0000000089b00000, 0x0000000089c00000|  0%| F|  |TAMS 0x0000000089b00000, 0x0000000089b00000| Untracked 
|  92|0x0000000089c00000, 0x0000000089c00000, 0x0000000089d00000|  0%| F|  |TAMS 0x0000000089c00000, 0x0000000089c00000| Untracked 
|  93|0x0000000089d00000, 0x0000000089d00000, 0x0000000089e00000|  0%| F|  |TAMS 0x0000000089d00000, 0x0000000089d00000| Untracked 
|  94|0x0000000089e00000, 0x0000000089e00000, 0x0000000089f00000|  0%| F|  |TAMS 0x0000000089e00000, 0x0000000089e00000| Untracked 
|  95|0x0000000089f00000, 0x0000000089f00000, 0x000000008a000000|  0%| F|  |TAMS 0x0000000089f00000, 0x0000000089f00000| Untracked 
|  96|0x000000008a000000, 0x000000008a000000, 0x000000008a100000|  0%| F|  |TAMS 0x000000008a000000, 0x000000008a000000| Untracked 
|  97|0x000000008a100000, 0x000000008a100000, 0x000000008a200000|  0%| F|  |TAMS 0x000000008a100000, 0x000000008a100000| Untracked 
|  98|0x000000008a200000, 0x000000008a200000, 0x000000008a300000|  0%| F|  |TAMS 0x000000008a200000, 0x000000008a200000| Untracked 
|  99|0x000000008a300000, 0x000000008a300000, 0x000000008a400000|  0%| F|  |TAMS 0x000000008a300000, 0x000000008a300000| Untracked 
| 100|0x000000008a400000, 0x000000008a400000, 0x000000008a500000|  0%| F|  |TAMS 0x000000008a400000, 0x000000008a400000| Untracked 
| 101|0x000000008a500000, 0x000000008a500000, 0x000000008a600000|  0%| F|  |TAMS 0x000000008a500000, 0x000000008a500000| Untracked 
| 102|0x000000008a600000, 0x000000008a680800, 0x000000008a700000| 50%| E|  |TAMS 0x000000008a600000, 0x000000008a600000| Complete 
| 103|0x000000008a700000, 0x000000008a800000, 0x000000008a800000|100%| E|CS|TAMS 0x000000008a700000, 0x000000008a700000| Complete 
| 104|0x000000008a800000, 0x000000008a900000, 0x000000008a900000|100%| E|CS|TAMS 0x000000008a800000, 0x000000008a800000| Complete 
| 105|0x000000008a900000, 0x000000008aa00000, 0x000000008aa00000|100%| E|CS|TAMS 0x000000008a900000, 0x000000008a900000| Complete 
| 106|0x000000008aa00000, 0x000000008ab00000, 0x000000008ab00000|100%| E|CS|TAMS 0x000000008aa00000, 0x000000008aa00000| Complete 
| 107|0x000000008ab00000, 0x000000008ac00000, 0x000000008ac00000|100%| E|CS|TAMS 0x000000008ab00000, 0x000000008ab00000| Complete 
| 108|0x000000008ac00000, 0x000000008ad00000, 0x000000008ad00000|100%| E|CS|TAMS 0x000000008ac00000, 0x000000008ac00000| Complete 
| 109|0x000000008ad00000, 0x000000008ae00000, 0x000000008ae00000|100%| E|CS|TAMS 0x000000008ad00000, 0x000000008ad00000| Complete 
| 110|0x000000008ae00000, 0x000000008af00000, 0x000000008af00000|100%| E|CS|TAMS 0x000000008ae00000, 0x000000008ae00000| Complete 
| 111|0x000000008af00000, 0x000000008b000000, 0x000000008b000000|100%| E|CS|TAMS 0x000000008af00000, 0x000000008af00000| Complete 
| 112|0x000000008b000000, 0x000000008b100000, 0x000000008b100000|100%| E|CS|TAMS 0x000000008b000000, 0x000000008b000000| Complete 
| 113|0x000000008b100000, 0x000000008b200000, 0x000000008b200000|100%| E|CS|TAMS 0x000000008b100000, 0x000000008b100000| Complete 
| 114|0x000000008b200000, 0x000000008b300000, 0x000000008b300000|100%| E|CS|TAMS 0x000000008b200000, 0x000000008b200000| Complete 
| 115|0x000000008b300000, 0x000000008b400000, 0x000000008b400000|100%| E|CS|TAMS 0x000000008b300000, 0x000000008b300000| Complete 
| 116|0x000000008b400000, 0x000000008b500000, 0x000000008b500000|100%| E|CS|TAMS 0x000000008b400000, 0x000000008b400000| Complete 
| 117|0x000000008b500000, 0x000000008b600000, 0x000000008b600000|100%| E|CS|TAMS 0x000000008b500000, 0x000000008b500000| Complete 
| 118|0x000000008b600000, 0x000000008b700000, 0x000000008b700000|100%| E|CS|TAMS 0x000000008b600000, 0x000000008b600000| Complete 
| 119|0x000000008b700000, 0x000000008b800000, 0x000000008b800000|100%| E|CS|TAMS 0x000000008b700000, 0x000000008b700000| Complete 
| 120|0x000000008b800000, 0x000000008b900000, 0x000000008b900000|100%| E|CS|TAMS 0x000000008b800000, 0x000000008b800000| Complete 
| 121|0x000000008b900000, 0x000000008ba00000, 0x000000008ba00000|100%| E|CS|TAMS 0x000000008b900000, 0x000000008b900000| Complete 
| 122|0x000000008ba00000, 0x000000008bb00000, 0x000000008bb00000|100%| E|CS|TAMS 0x000000008ba00000, 0x000000008ba00000| Complete 
| 123|0x000000008bb00000, 0x000000008bc00000, 0x000000008bc00000|100%| E|CS|TAMS 0x000000008bb00000, 0x000000008bb00000| Complete 
| 124|0x000000008bc00000, 0x000000008bd00000, 0x000000008bd00000|100%| E|CS|TAMS 0x000000008bc00000, 0x000000008bc00000| Complete 
| 125|0x000000008bd00000, 0x000000008be00000, 0x000000008be00000|100%| E|CS|TAMS 0x000000008bd00000, 0x000000008bd00000| Complete 
| 126|0x000000008be00000, 0x000000008bf00000, 0x000000008bf00000|100%| E|CS|TAMS 0x000000008be00000, 0x000000008be00000| Complete 
| 127|0x000000008bf00000, 0x000000008c000000, 0x000000008c000000|100%| E|CS|TAMS 0x000000008bf00000, 0x000000008bf00000| Complete 
| 128|0x000000008c000000, 0x000000008c100000, 0x000000008c100000|100%| E|CS|TAMS 0x000000008c000000, 0x000000008c000000| Complete 
| 129|0x000000008c100000, 0x000000008c200000, 0x000000008c200000|100%| E|CS|TAMS 0x000000008c100000, 0x000000008c100000| Complete 
| 130|0x000000008c200000, 0x000000008c300000, 0x000000008c300000|100%| E|CS|TAMS 0x000000008c200000, 0x000000008c200000| Complete 
| 131|0x000000008c300000, 0x000000008c400000, 0x000000008c400000|100%| E|CS|TAMS 0x000000008c300000, 0x000000008c300000| Complete 
| 132|0x000000008c400000, 0x000000008c500000, 0x000000008c500000|100%| E|CS|TAMS 0x000000008c400000, 0x000000008c400000| Complete 
| 133|0x000000008c500000, 0x000000008c600000, 0x000000008c600000|100%| E|CS|TAMS 0x000000008c500000, 0x000000008c500000| Complete 
| 134|0x000000008c600000, 0x000000008c700000, 0x000000008c700000|100%| E|CS|TAMS 0x000000008c600000, 0x000000008c600000| Complete 
| 135|0x000000008c700000, 0x000000008c800000, 0x000000008c800000|100%| E|CS|TAMS 0x000000008c700000, 0x000000008c700000| Complete 
| 136|0x000000008c800000, 0x000000008c900000, 0x000000008c900000|100%| E|CS|TAMS 0x000000008c800000, 0x000000008c800000| Complete 
| 137|0x000000008c900000, 0x000000008ca00000, 0x000000008ca00000|100%| E|CS|TAMS 0x000000008c900000, 0x000000008c900000| Complete 
| 138|0x000000008ca00000, 0x000000008cb00000, 0x000000008cb00000|100%| E|CS|TAMS 0x000000008ca00000, 0x000000008ca00000| Complete 
| 139|0x000000008cb00000, 0x000000008cc00000, 0x000000008cc00000|100%| E|CS|TAMS 0x000000008cb00000, 0x000000008cb00000| Complete 
| 140|0x000000008cc00000, 0x000000008cd00000, 0x000000008cd00000|100%| E|CS|TAMS 0x000000008cc00000, 0x000000008cc00000| Complete 
| 141|0x000000008cd00000, 0x000000008ce00000, 0x000000008ce00000|100%| E|CS|TAMS 0x000000008cd00000, 0x000000008cd00000| Complete 
| 142|0x000000008ce00000, 0x000000008cf00000, 0x000000008cf00000|100%| E|CS|TAMS 0x000000008ce00000, 0x000000008ce00000| Complete 
| 143|0x000000008cf00000, 0x000000008d000000, 0x000000008d000000|100%| E|CS|TAMS 0x000000008cf00000, 0x000000008cf00000| Complete 
| 144|0x000000008d000000, 0x000000008d100000, 0x000000008d100000|100%| E|CS|TAMS 0x000000008d000000, 0x000000008d000000| Complete 
| 145|0x000000008d100000, 0x000000008d200000, 0x000000008d200000|100%| E|CS|TAMS 0x000000008d100000, 0x000000008d100000| Complete 
| 146|0x000000008d200000, 0x000000008d300000, 0x000000008d300000|100%| E|CS|TAMS 0x000000008d200000, 0x000000008d200000| Complete 
| 147|0x000000008d300000, 0x000000008d400000, 0x000000008d400000|100%| E|CS|TAMS 0x000000008d300000, 0x000000008d300000| Complete 
| 148|0x000000008d400000, 0x000000008d500000, 0x000000008d500000|100%| E|CS|TAMS 0x000000008d400000, 0x000000008d400000| Complete 
| 149|0x000000008d500000, 0x000000008d600000, 0x000000008d600000|100%| E|CS|TAMS 0x000000008d500000, 0x000000008d500000| Complete 
| 150|0x000000008d600000, 0x000000008d700000, 0x000000008d700000|100%| E|CS|TAMS 0x000000008d600000, 0x000000008d600000| Complete 
| 151|0x000000008d700000, 0x000000008d800000, 0x000000008d800000|100%| E|CS|TAMS 0x000000008d700000, 0x000000008d700000| Complete 
| 152|0x000000008d800000, 0x000000008d900000, 0x000000008d900000|100%| E|CS|TAMS 0x000000008d800000, 0x000000008d800000| Complete 
| 153|0x000000008d900000, 0x000000008da00000, 0x000000008da00000|100%| E|CS|TAMS 0x000000008d900000, 0x000000008d900000| Complete 
| 154|0x000000008da00000, 0x000000008db00000, 0x000000008db00000|100%| E|CS|TAMS 0x000000008da00000, 0x000000008da00000| Complete 
| 155|0x000000008db00000, 0x000000008dc00000, 0x000000008dc00000|100%| E|CS|TAMS 0x000000008db00000, 0x000000008db00000| Complete 
| 156|0x000000008dc00000, 0x000000008dd00000, 0x000000008dd00000|100%| E|CS|TAMS 0x000000008dc00000, 0x000000008dc00000| Complete 
| 157|0x000000008dd00000, 0x000000008de00000, 0x000000008de00000|100%| E|CS|TAMS 0x000000008dd00000, 0x000000008dd00000| Complete 
| 158|0x000000008de00000, 0x000000008df00000, 0x000000008df00000|100%| E|CS|TAMS 0x000000008de00000, 0x000000008de00000| Complete 
| 159|0x000000008df00000, 0x000000008e000000, 0x000000008e000000|100%| E|CS|TAMS 0x000000008df00000, 0x000000008df00000| Complete 
| 160|0x000000008e000000, 0x000000008e100000, 0x000000008e100000|100%| E|CS|TAMS 0x000000008e000000, 0x000000008e000000| Complete 
| 161|0x000000008e100000, 0x000000008e200000, 0x000000008e200000|100%| E|CS|TAMS 0x000000008e100000, 0x000000008e100000| Complete 
| 162|0x000000008e200000, 0x000000008e300000, 0x000000008e300000|100%| E|CS|TAMS 0x000000008e200000, 0x000000008e200000| Complete 
| 163|0x000000008e300000, 0x000000008e400000, 0x000000008e400000|100%| E|CS|TAMS 0x000000008e300000, 0x000000008e300000| Complete 
| 164|0x000000008e400000, 0x000000008e500000, 0x000000008e500000|100%| E|CS|TAMS 0x000000008e400000, 0x000000008e400000| Complete 
| 165|0x000000008e500000, 0x000000008e600000, 0x000000008e600000|100%| E|CS|TAMS 0x000000008e500000, 0x000000008e500000| Complete 
| 166|0x000000008e600000, 0x000000008e700000, 0x000000008e700000|100%| E|CS|TAMS 0x000000008e600000, 0x000000008e600000| Complete 
| 167|0x000000008e700000, 0x000000008e800000, 0x000000008e800000|100%| E|CS|TAMS 0x000000008e700000, 0x000000008e700000| Complete 
| 168|0x000000008e800000, 0x000000008e900000, 0x000000008e900000|100%| E|CS|TAMS 0x000000008e800000, 0x000000008e800000| Complete 
| 169|0x000000008e900000, 0x000000008ea00000, 0x000000008ea00000|100%| E|CS|TAMS 0x000000008e900000, 0x000000008e900000| Complete 
| 170|0x000000008ea00000, 0x000000008eb00000, 0x000000008eb00000|100%| E|CS|TAMS 0x000000008ea00000, 0x000000008ea00000| Complete 
| 171|0x000000008eb00000, 0x000000008ec00000, 0x000000008ec00000|100%| E|CS|TAMS 0x000000008eb00000, 0x000000008eb00000| Complete 
| 172|0x000000008ec00000, 0x000000008ed00000, 0x000000008ed00000|100%| E|CS|TAMS 0x000000008ec00000, 0x000000008ec00000| Complete 
| 173|0x000000008ed00000, 0x000000008ee00000, 0x000000008ee00000|100%| E|CS|TAMS 0x000000008ed00000, 0x000000008ed00000| Complete 
| 174|0x000000008ee00000, 0x000000008ef00000, 0x000000008ef00000|100%| E|CS|TAMS 0x000000008ee00000, 0x000000008ee00000| Complete 
| 175|0x000000008ef00000, 0x000000008f000000, 0x000000008f000000|100%| E|CS|TAMS 0x000000008ef00000, 0x000000008ef00000| Complete 
| 176|0x000000008f000000, 0x000000008f100000, 0x000000008f100000|100%| E|CS|TAMS 0x000000008f000000, 0x000000008f000000| Complete 
| 177|0x000000008f100000, 0x000000008f200000, 0x000000008f200000|100%| E|CS|TAMS 0x000000008f100000, 0x000000008f100000| Complete 
| 178|0x000000008f200000, 0x000000008f300000, 0x000000008f300000|100%| E|CS|TAMS 0x000000008f200000, 0x000000008f200000| Complete 
| 179|0x000000008f300000, 0x000000008f400000, 0x000000008f400000|100%| E|CS|TAMS 0x000000008f300000, 0x000000008f300000| Complete 
| 180|0x000000008f400000, 0x000000008f500000, 0x000000008f500000|100%| E|CS|TAMS 0x000000008f400000, 0x000000008f400000| Complete 
| 181|0x000000008f500000, 0x000000008f600000, 0x000000008f600000|100%| E|CS|TAMS 0x000000008f500000, 0x000000008f500000| Complete 
| 182|0x000000008f600000, 0x000000008f700000, 0x000000008f700000|100%| E|CS|TAMS 0x000000008f600000, 0x000000008f600000| Complete 
| 183|0x000000008f700000, 0x000000008f800000, 0x000000008f800000|100%| E|CS|TAMS 0x000000008f700000, 0x000000008f700000| Complete 
| 184|0x000000008f800000, 0x000000008f900000, 0x000000008f900000|100%| E|CS|TAMS 0x000000008f800000, 0x000000008f800000| Complete 
| 185|0x000000008f900000, 0x000000008fa00000, 0x000000008fa00000|100%| E|CS|TAMS 0x000000008f900000, 0x000000008f900000| Complete 
|1981|0x00000000ffd00000, 0x00000000ffe00000, 0x00000000ffe00000|100%| O|  |TAMS 0x00000000ffd00000, 0x00000000ffd00000| Untracked 
|1982|0x00000000ffe00000, 0x00000000fff00000, 0x00000000fff00000|100%| O|  |TAMS 0x00000000ffe00000, 0x00000000ffe00000| Untracked 
|1983|0x00000000fff00000, 0x0000000100000000, 0x0000000100000000|100%| O|  |TAMS 0x00000000fff00000, 0x00000000fff00000| Untracked 

Card table byte_map: [0x000002652f1a0000,0x000002652f580000] _byte_map_base: 0x000002652ed80000

Marking Bits (Prev, Next): (CMBitMap*) 0x00000265244ed0d0, (CMBitMap*) 0x00000265244ed090
 Prev Bits: [0x0000026531860000, 0x0000026533760000)
 Next Bits: [0x000002652f960000, 0x0000026531860000)

Polling page: 0x0000026522350000

Metaspace:

Usage:
  Non-class:     23.67 MB used.
      Class:      3.88 MB used.
       Both:     27.55 MB used.

Virtual space:
  Non-class space:       64.00 MB reserved,      23.88 MB ( 37%) committed,  1 nodes.
      Class space:        1.00 GB reserved,       4.00 MB ( <1%) committed,  1 nodes.
             Both:        1.06 GB reserved,      27.88 MB (  3%) committed. 

Chunk freelists:
   Non-Class:  3.39 MB
       Class:  3.89 MB
        Both:  7.28 MB

MaxMetaspaceSize: unlimited
CompressedClassSpaceSize: 1.00 GB
Initial GC threshold: 21.00 MB
Current GC threshold: 35.12 MB
CDS: on
MetaspaceReclaimPolicy: balanced
 - commit_granule_bytes: 65536.
 - commit_granule_words: 8192.
 - virtual_space_node_default_size: 8388608.
 - enlarge_chunks_in_place: 1.
 - new_chunks_are_fully_committed: 0.
 - uncommit_free_chunks: 1.
 - use_allocation_guard: 0.


Internal statistics:

num_allocs_failed_limit: 3.
num_arena_births: 330.
num_arena_deaths: 0.
num_vsnodes_births: 2.
num_vsnodes_deaths: 0.
num_space_committed: 446.
num_space_uncommitted: 0.
num_chunks_returned_to_freelist: 3.
num_chunks_taken_from_freelist: 1295.
num_chunk_merges: 3.
num_chunk_splits: 948.
num_chunks_enlarged: 798.
num_inconsistent_stats: 0.

CodeCache: size=49152Kb used=7845Kb max_used=8373Kb free=41306Kb
 bounds [0x000002652bdc0000, 0x000002652c5f0000, 0x000002652edc0000]
 total_blobs=4290 nmethods=3811 adapters=404
 compilation: enabled
              stopped_count=0, restarted_count=0
 full_count=0

Compilation events (20 events):
Event: 5.694 Thread 0x000002653a2b5da0 3784       1       org.springframework.core.type.classreading.MergedAnnotationReadingVisitor::visit (28 bytes)
Event: 5.695 Thread 0x000002653a2b5da0 nmethod 3784 0x000002652c5ec990 code [0x000002652c5ecb40, 0x000002652c5eccf8]
Event: 5.698 Thread 0x000002653a2b5da0 3785       1       org.springframework.core.annotation.MergedAnnotationsCollection::isDirectlyPresent (7 bytes)
Event: 5.698 Thread 0x000002653a2b5da0 nmethod 3785 0x000002652c5ece10 code [0x000002652c5ecfa0, 0x000002652c5ed088]
Event: 9.094 Thread 0x000002653a2b5da0 3786       1       org.springframework.core.annotation.AnnotationTypeMapping::access$100 (4 bytes)
Event: 9.094 Thread 0x000002653a2b5da0 nmethod 3786 0x000002652c5ed110 code [0x000002652c5ed2a0, 0x000002652c5ed358]
Event: 9.982 Thread 0x0000026524490a30 3787       1       org.springframework.asm.MethodVisitor::visitAnnotationDefault (17 bytes)
Event: 9.982 Thread 0x0000026524490a30 nmethod 3787 0x000002652c0add90 code [0x000002652c0adf40, 0x000002652c0ae068]
Event: 11.772 Thread 0x0000026524490a30 3788  s    1       java.io.ByteArrayInputStream::read (73 bytes)
Event: 11.773 Thread 0x0000026524490a30 nmethod 3788 0x000002652c0ad690 code [0x000002652c0ad860, 0x000002652c0adc38]
Event: 13.015 Thread 0x0000026524490a30 3790       1       java.util.logging.Logger::isLoggable (27 bytes)
Event: 13.016 Thread 0x0000026524490a30 nmethod 3790 0x000002652c0ad010 code [0x000002652c0ad1a0, 0x000002652c0ad2b8]
Event: 13.016 Thread 0x0000026524490a30 3791       1       java.util.EventObject::<init> (24 bytes)
Event: 13.016 Thread 0x0000026535acf3f0 3792       1       org.apache.juli.logging.DirectJDKLog::isDebugEnabled (11 bytes)
Event: 13.016 Thread 0x0000026524490a30 nmethod 3791 0x000002652c0acc10 code [0x000002652c0acdc0, 0x000002652c0acf88]
Event: 13.016 Thread 0x0000026535acf3f0 nmethod 3792 0x000002652c0ac810 code [0x000002652c0ac9a0, 0x000002652c0acab8]
Event: 13.017 Thread 0x0000026535acf3f0 3793   !   1       sun.net.www.protocol.jar.JarFileFactory::getCachedJarFile (147 bytes)
Event: 13.017 Thread 0x0000026524490a30 3794   !   1       sun.net.www.protocol.jar.JarFileFactory::cacheIfAbsent (90 bytes)
Event: 13.017 Thread 0x0000026535acf3f0 nmethod 3793 0x000002652c0ac390 code [0x000002652c0ac540, 0x000002652c0ac6b8]
Event: 13.017 Thread 0x0000026535acf3f0 3795   !   1       sun.net.www.protocol.jar.JarFileFactory::getConnection (40 bytes)

GC Heap History (20 events):
Event: 9.194 GC heap before
{Heap before GC invocations=25 (full 0):
 garbage-first heap   total 193536K, used 156853K [0x0000000084000000, 0x0000000100000000)
  region size 1024K, 113 young (115712K), 5 survivors (5120K)
 Metaspace       used 28073K, committed 28416K, reserved 1114112K
  class space    used 3947K, committed 4096K, reserved 1048576K
}
Event: 9.197 GC heap after
{Heap after GC invocations=26 (full 0):
 garbage-first heap   total 193536K, used 46070K [0x0000000084000000, 0x0000000100000000)
  region size 1024K, 5 young (5120K), 5 survivors (5120K)
 Metaspace       used 28073K, committed 28416K, reserved 1114112K
  class space    used 3947K, committed 4096K, reserved 1048576K
}
Event: 9.477 GC heap before
{Heap before GC invocations=26 (full 0):
 garbage-first heap   total 193536K, used 155638K [0x0000000084000000, 0x0000000100000000)
  region size 1024K, 113 young (115712K), 5 survivors (5120K)
 Metaspace       used 28073K, committed 28416K, reserved 1114112K
  class space    used 3947K, committed 4096K, reserved 1048576K
}
Event: 9.479 GC heap after
{Heap after GC invocations=27 (full 0):
 garbage-first heap   total 193536K, used 46001K [0x0000000084000000, 0x0000000100000000)
  region size 1024K, 5 young (5120K), 5 survivors (5120K)
 Metaspace       used 28073K, committed 28416K, reserved 1114112K
  class space    used 3947K, committed 4096K, reserved 1048576K
}
Event: 9.788 GC heap before
{Heap before GC invocations=27 (full 0):
 garbage-first heap   total 193536K, used 156593K [0x0000000084000000, 0x0000000100000000)
  region size 1024K, 113 young (115712K), 5 survivors (5120K)
 Metaspace       used 28073K, committed 28416K, reserved 1114112K
  class space    used 3947K, committed 4096K, reserved 1048576K
}
Event: 9.791 GC heap after
{Heap after GC invocations=28 (full 0):
 garbage-first heap   total 193536K, used 46454K [0x0000000084000000, 0x0000000100000000)
  region size 1024K, 5 young (5120K), 5 survivors (5120K)
 Metaspace       used 28073K, committed 28416K, reserved 1114112K
  class space    used 3947K, committed 4096K, reserved 1048576K
}
Event: 10.096 GC heap before
{Heap before GC invocations=28 (full 0):
 garbage-first heap   total 193536K, used 157046K [0x0000000084000000, 0x0000000100000000)
  region size 1024K, 113 young (115712K), 5 survivors (5120K)
 Metaspace       used 28074K, committed 28416K, reserved 1114112K
  class space    used 3948K, committed 4096K, reserved 1048576K
}
Event: 10.098 GC heap after
{Heap after GC invocations=29 (full 0):
 garbage-first heap   total 193536K, used 46239K [0x0000000084000000, 0x0000000100000000)
  region size 1024K, 1 young (1024K), 1 survivors (1024K)
 Metaspace       used 28074K, committed 28416K, reserved 1114112K
  class space    used 3948K, committed 4096K, reserved 1048576K
}
Event: 10.411 GC heap before
{Heap before GC invocations=29 (full 0):
 garbage-first heap   total 193536K, used 160927K [0x0000000084000000, 0x0000000100000000)
  region size 1024K, 113 young (115712K), 1 survivors (1024K)
 Metaspace       used 28074K, committed 28416K, reserved 1114112K
  class space    used 3948K, committed 4096K, reserved 1048576K
}
Event: 10.413 GC heap after
{Heap after GC invocations=30 (full 0):
 garbage-first heap   total 193536K, used 46146K [0x0000000084000000, 0x0000000100000000)
  region size 1024K, 1 young (1024K), 1 survivors (1024K)
 Metaspace       used 28074K, committed 28416K, reserved 1114112K
  class space    used 3948K, committed 4096K, reserved 1048576K
}
Event: 10.738 GC heap before
{Heap before GC invocations=30 (full 0):
 garbage-first heap   total 193536K, used 160834K [0x0000000084000000, 0x0000000100000000)
  region size 1024K, 113 young (115712K), 1 survivors (1024K)
 Metaspace       used 28074K, committed 28416K, reserved 1114112K
  class space    used 3948K, committed 4096K, reserved 1048576K
}
Event: 10.739 GC heap after
{Heap after GC invocations=31 (full 0):
 garbage-first heap   total 193536K, used 46125K [0x0000000084000000, 0x0000000100000000)
  region size 1024K, 1 young (1024K), 1 survivors (1024K)
 Metaspace       used 28074K, committed 28416K, reserved 1114112K
  class space    used 3948K, committed 4096K, reserved 1048576K
}
Event: 11.030 GC heap before
{Heap before GC invocations=31 (full 0):
 garbage-first heap   total 193536K, used 160813K [0x0000000084000000, 0x0000000100000000)
  region size 1024K, 113 young (115712K), 1 survivors (1024K)
 Metaspace       used 28074K, committed 28416K, reserved 1114112K
  class space    used 3948K, committed 4096K, reserved 1048576K
}
Event: 11.030 GC heap after
{Heap after GC invocations=32 (full 0):
 garbage-first heap   total 193536K, used 46074K [0x0000000084000000, 0x0000000100000000)
  region size 1024K, 1 young (1024K), 1 survivors (1024K)
 Metaspace       used 28074K, committed 28416K, reserved 1114112K
  class space    used 3948K, committed 4096K, reserved 1048576K
}
Event: 11.327 GC heap before
{Heap before GC invocations=32 (full 0):
 garbage-first heap   total 193536K, used 160762K [0x0000000084000000, 0x0000000100000000)
  region size 1024K, 113 young (115712K), 1 survivors (1024K)
 Metaspace       used 28074K, committed 28416K, reserved 1114112K
  class space    used 3948K, committed 4096K, reserved 1048576K
}
Event: 11.328 GC heap after
{Heap after GC invocations=33 (full 0):
 garbage-first heap   total 193536K, used 46084K [0x0000000084000000, 0x0000000100000000)
  region size 1024K, 1 young (1024K), 1 survivors (1024K)
 Metaspace       used 28074K, committed 28416K, reserved 1114112K
  class space    used 3948K, committed 4096K, reserved 1048576K
}
Event: 11.686 GC heap before
{Heap before GC invocations=33 (full 0):
 garbage-first heap   total 193536K, used 160772K [0x0000000084000000, 0x0000000100000000)
  region size 1024K, 113 young (115712K), 1 survivors (1024K)
 Metaspace       used 28074K, committed 28416K, reserved 1114112K
  class space    used 3948K, committed 4096K, reserved 1048576K
}
Event: 11.687 GC heap after
{Heap after GC invocations=34 (full 0):
 garbage-first heap   total 193536K, used 46088K [0x0000000084000000, 0x0000000100000000)
  region size 1024K, 1 young (1024K), 1 survivors (1024K)
 Metaspace       used 28074K, committed 28416K, reserved 1114112K
  class space    used 3948K, committed 4096K, reserved 1048576K
}
Event: 12.336 GC heap before
{Heap before GC invocations=34 (full 0):
 garbage-first heap   total 193536K, used 160776K [0x0000000084000000, 0x0000000100000000)
  region size 1024K, 113 young (115712K), 1 survivors (1024K)
 Metaspace       used 28091K, committed 28416K, reserved 1114112K
  class space    used 3952K, committed 4096K, reserved 1048576K
}
Event: 12.338 GC heap after
{Heap after GC invocations=35 (full 0):
 garbage-first heap   total 193536K, used 46712K [0x0000000084000000, 0x0000000100000000)
  region size 1024K, 1 young (1024K), 1 survivors (1024K)
 Metaspace       used 28091K, committed 28416K, reserved 1114112K
  class space    used 3952K, committed 4096K, reserved 1048576K
}

Deoptimization events (6 events):
Event: 1.095 Thread 0x000002652448fa90 DEOPT PACKING pc=0x000002652c235999 sp=0x000000fe578fd8a0
Event: 1.095 Thread 0x000002652448fa90 DEOPT UNPACKING pc=0x000002652be16763 sp=0x000000fe578fcd80 mode 3
Event: 2.424 Thread 0x000002652448fa90 DEOPT PACKING pc=0x000002652c4a6599 sp=0x000000fe578fd7d0
Event: 2.424 Thread 0x000002652448fa90 DEOPT UNPACKING pc=0x000002652be16763 sp=0x000000fe578fccb0 mode 3
Event: 2.449 Thread 0x000002652448fa90 DEOPT PACKING pc=0x000002652c2f241d sp=0x000000fe578fca80
Event: 2.449 Thread 0x000002652448fa90 DEOPT UNPACKING pc=0x000002652be16763 sp=0x000000fe578fbfe8 mode 3

Classes loaded (20 events):
Event: 3.407 Loading class sun/net/www/MimeTable
Event: 3.408 Loading class sun/net/www/MimeTable done
Event: 3.408 Loading class sun/net/www/MimeTable$1
Event: 3.408 Loading class sun/net/www/MimeTable$1 done
Event: 3.408 Loading class sun/net/www/MimeTable$2
Event: 3.408 Loading class sun/net/www/MimeTable$2 done
Event: 3.408 Loading class sun/net/www/MimeTable$DefaultInstanceHolder
Event: 3.408 Loading class sun/net/www/MimeTable$DefaultInstanceHolder done
Event: 3.408 Loading class sun/net/www/MimeTable$DefaultInstanceHolder$1
Event: 3.408 Loading class sun/net/www/MimeTable$DefaultInstanceHolder$1 done
Event: 3.409 Loading class sun/net/www/MimeEntry
Event: 3.409 Loading class sun/net/www/MimeEntry done
Event: 3.486 Loading class java/util/zip/ZipFile$ZipEntryIterator
Event: 3.486 Loading class java/util/zip/ZipFile$ZipEntryIterator done
Event: 9.093 Loading class javax/management/MXBean
Event: 9.093 Loading class javax/management/MXBean done
Event: 13.007 Loading class java/util/zip/DataFormatException
Event: 13.007 Loading class java/util/zip/DataFormatException done
Event: 13.007 Loading class java/lang/invoke/WrongMethodTypeException
Event: 13.008 Loading class java/lang/invoke/WrongMethodTypeException done

Classes unloaded (0 events):
No events

Classes redefined (0 events):
No events

Internal exceptions (20 events):
Event: 3.046 Thread 0x000002652448fa90 Exception <a 'java/lang/ClassNotFoundException'{0x00000000856712e8}: org/springframework/security/config/annotation/SecurityConfigurerCustomizer> (0x00000000856712e8) 
thrown [s\open\src\hotspot\share\classfile\systemDictionary.cpp, line 255]
Event: 3.060 Thread 0x000002652448fa90 Exception <a 'java/lang/NoSuchMethodError'{0x000000008553ece0}: 'java.lang.Object java.lang.invoke.DirectMethodHandle$Holder.invokeStatic(java.lang.Object, java.lang.Object, int)'> (0x000000008553ece0) 
thrown [s\open\src\hotspot\share\interpreter\linkResolver.cpp, line 759]
Event: 3.061 Thread 0x000002652448fa90 Exception <a 'java/lang/NoSuchMethodError'{0x000000008554a5d8}: 'void java.lang.invoke.DelegatingMethodHandle$Holder.delegate(java.lang.Object, java.lang.Object, int, java.lang.Object)'> (0x000000008554a5d8) 
thrown [s\open\src\hotspot\share\interpreter\linkResolver.cpp, line 759]
Event: 3.064 Thread 0x000002652448fa90 Exception <a 'java/lang/ClassNotFoundException'{0x000000008556c3f8}: java/lang/ObjectCustomizer> (0x000000008556c3f8) 
thrown [s\open\src\hotspot\share\classfile\systemDictionary.cpp, line 255]
Event: 3.065 Thread 0x000002652448fa90 Exception <a 'java/lang/ClassNotFoundException'{0x00000000855729e0}: org/springframework/web/servlet/config/annotation/WebMvcConfigurationSupportCustomizer> (0x00000000855729e0) 
thrown [s\open\src\hotspot\share\classfile\systemDictionary.cpp, line 255]
Event: 3.067 Thread 0x000002652448fa90 Exception <a 'java/lang/ClassNotFoundException'{0x0000000085583220}: org/springframework/web/servlet/config/annotation/DelegatingWebMvcConfigurationCustomizer> (0x0000000085583220) 
thrown [s\open\src\hotspot\share\classfile\systemDictionary.cpp, line 255]
Event: 3.067 Thread 0x000002652448fa90 Exception <a 'java/lang/ClassNotFoundException'{0x000000008558a118}: org/springframework/boot/autoconfigure/web/servlet/WebMvcAutoConfiguration$EnableWebMvcConfigurationCustomizer> (0x000000008558a118) 
thrown [s\open\src\hotspot\share\classfile\systemDictionary.cpp, line 255]
Event: 3.068 Thread 0x000002652448fa90 Exception <a 'java/lang/ClassNotFoundException'{0x0000000085599710}: org/springframework/context/ResourceLoaderAwareCustomizer> (0x0000000085599710) 
thrown [s\open\src\hotspot\share\classfile\systemDictionary.cpp, line 255]
Event: 3.069 Thread 0x000002652448fa90 Exception <a 'java/lang/ClassNotFoundException'{0x000000008559caf0}: org/springframework/beans/factory/AwareCustomizer> (0x000000008559caf0) 
thrown [s\open\src\hotspot\share\classfile\systemDictionary.cpp, line 255]
Event: 3.069 Thread 0x000002652448fa90 Exception <a 'java/lang/ClassNotFoundException'{0x000000008559f1d0}: org/springframework/context/ApplicationContextAwareCustomizer> (0x000000008559f1d0) 
thrown [s\open\src\hotspot\share\classfile\systemDictionary.cpp, line 255]
Event: 3.069 Thread 0x000002652448fa90 Exception <a 'java/lang/ClassNotFoundException'{0x00000000855a3090}: org/springframework/beans/factory/AwareCustomizer> (0x00000000855a3090) 
thrown [s\open\src\hotspot\share\classfile\systemDictionary.cpp, line 255]
Event: 3.070 Thread 0x000002652448fa90 Exception <a 'java/lang/ClassNotFoundException'{0x00000000855a5748}: org/springframework/web/context/ServletContextAwareCustomizer> (0x00000000855a5748) 
thrown [s\open\src\hotspot\share\classfile\systemDictionary.cpp, line 255]
Event: 3.070 Thread 0x000002652448fa90 Exception <a 'java/lang/ClassNotFoundException'{0x00000000855a8f60}: org/springframework/beans/factory/AwareCustomizer> (0x00000000855a8f60) 
thrown [s\open\src\hotspot\share\classfile\systemDictionary.cpp, line 255]
Event: 3.093 Thread 0x000002652448fa90 Exception <a 'java/lang/NoSuchMethodError'{0x0000000085468038}: 'void java.lang.invoke.DirectMethodHandle$Holder.invokeVirtual(java.lang.Object, java.lang.Object, java.lang.Object, java.lang.Object)'> (0x0000000085468038) 
thrown [s\open\src\hotspot\share\interpreter\linkResolver.cpp, line 759]
Event: 3.096 Thread 0x000002652448fa90 Exception <a 'java/lang/ClassNotFoundException'{0x0000000085487ca0}: java/lang/ObjectCustomizer> (0x0000000085487ca0) 
thrown [s\open\src\hotspot\share\classfile\systemDictionary.cpp, line 255]
Event: 3.097 Thread 0x000002652448fa90 Exception <a 'java/lang/ClassNotFoundException'{0x000000008548de70}: org/springframework/security/config/annotation/authentication/configuration/AuthenticationConfigurationCustomizer> (0x000000008548de70) 
thrown [s\open\src\hotspot\share\classfile\systemDictionary.cpp, line 255]
Event: 3.406 Thread 0x000002652448fa90 Exception <a 'java/io/FileNotFoundException'{0x0000000084997ef0}> (0x0000000084997ef0) 
thrown [s\open\src\hotspot\share\prims\jni.cpp, line 516]
Event: 3.406 Thread 0x000002652448fa90 Exception <a 'java/io/FileNotFoundException'{0x0000000084999228}> (0x0000000084999228) 
thrown [s\open\src\hotspot\share\prims\jni.cpp, line 516]
Event: 13.007 Thread 0x000002652448fa90 Exception <a 'java/lang/OutOfMemoryError'{0x000000008a9c1748}> (0x000000008a9c1748) 
thrown [s\open\src\hotspot\share\prims\jni.cpp, line 535]
Event: 13.010 Thread 0x000002652448fa90 Exception <a 'java/lang/NoSuchMethodError'{0x000000008a9d0a38}: 'void java.lang.invoke.DirectMethodHandle$Holder.invokeInterface(java.lang.Object, java.lang.Object)'> (0x000000008a9d0a38) 
thrown [s\open\src\hotspot\share\interpreter\linkResolver.cpp, line 759]

VM Operations (20 events):
Event: 9.194 Executing VM operation: G1CollectForAllocation
Event: 9.197 Executing VM operation: G1CollectForAllocation done
Event: 9.477 Executing VM operation: G1CollectForAllocation
Event: 9.479 Executing VM operation: G1CollectForAllocation done
Event: 9.788 Executing VM operation: G1CollectForAllocation
Event: 9.791 Executing VM operation: G1CollectForAllocation done
Event: 10.096 Executing VM operation: G1CollectForAllocation
Event: 10.098 Executing VM operation: G1CollectForAllocation done
Event: 10.411 Executing VM operation: G1CollectForAllocation
Event: 10.413 Executing VM operation: G1CollectForAllocation done
Event: 10.738 Executing VM operation: G1CollectForAllocation
Event: 10.739 Executing VM operation: G1CollectForAllocation done
Event: 11.029 Executing VM operation: G1CollectForAllocation
Event: 11.030 Executing VM operation: G1CollectForAllocation done
Event: 11.327 Executing VM operation: G1CollectForAllocation
Event: 11.328 Executing VM operation: G1CollectForAllocation done
Event: 11.685 Executing VM operation: G1CollectForAllocation
Event: 11.687 Executing VM operation: G1CollectForAllocation done
Event: 12.336 Executing VM operation: G1CollectForAllocation
Event: 12.338 Executing VM operation: G1CollectForAllocation done

Events (20 events):
Event: 0.117 Thread 0x0000026539d69450 Thread added: 0x0000026539d69450
Event: 0.119 Thread 0x0000026539d6f4f0 Thread added: 0x0000026539d6f4f0
Event: 0.125 Loaded shared library C:\Program Files\Java\bin\jimage.dll
Event: 0.131 Loaded shared library C:\Program Files\Java\bin\net.dll
Event: 0.133 Loaded shared library C:\Program Files\Java\bin\nio.dll
Event: 0.137 Loaded shared library C:\Program Files\Java\bin\zip.dll
Event: 0.139 Thread 0x0000026524490a30 Thread added: 0x0000026524490a30
Event: 0.288 Loaded shared library C:\Program Files\Java\bin\verify.dll
Event: 0.408 Thread 0x000002653a2b5da0 Thread added: 0x000002653a2b5da0
Event: 0.613 Thread 0x000002653a58b710 Thread added: 0x000002653a58b710
Event: 0.826 Loaded shared library C:\Program Files\Java\bin\management.dll
Event: 0.829 Loaded shared library C:\Program Files\Java\bin\management_ext.dll
Event: 1.277 Thread 0x000002653a58b710 Thread exited: 0x000002653a58b710
Event: 1.356 Thread 0x000002653aef7dd0 Thread added: 0x000002653aef7dd0
Event: 1.372 Thread 0x000002653aef7dd0 Thread exited: 0x000002653aef7dd0
Event: 3.021 Thread 0x000002653b314020 Thread added: 0x000002653b314020
Event: 3.024 Thread 0x000002653b29d730 Thread added: 0x000002653b29d730
Event: 3.031 Thread 0x000002653b29dbf0 Thread added: 0x000002653b29dbf0
Event: 3.127 Thread 0x000002653b2f4510 Thread added: 0x000002653b2f4510
Event: 9.982 Thread 0x000002653a2b5da0 Thread exited: 0x000002653a2b5da0


Dynamic libraries:
0x00007ff636050000 - 0x00007ff636060000 	C:\Program Files\Java\bin\java.exe
0x00007ffee86f0000 - 0x00007ffee88e5000 	C:\Windows\SYSTEM32\ntdll.dll
0x00007ffee7fa0000 - 0x00007ffee805e000 	C:\Windows\System32\KERNEL32.DLL
0x00007ffee60c0000 - 0x00007ffee6388000 	C:\Windows\System32\KERNELBASE.dll
0x00007ffee6630000 - 0x00007ffee6730000 	C:\Windows\System32\ucrtbase.dll
0x00007ffe9e0e0000 - 0x00007ffe9e0fa000 	C:\Program Files\Java\bin\VCRUNTIME140.dll
0x00007ffe9f2d0000 - 0x00007ffe9f2e8000 	C:\Program Files\Java\bin\jli.dll
0x00007ffee7980000 - 0x00007ffee7a2e000 	C:\Windows\System32\ADVAPI32.dll
0x00007ffee6740000 - 0x00007ffee67de000 	C:\Windows\System32\msvcrt.dll
0x00007ffee7d70000 - 0x00007ffee7e0c000 	C:\Windows\System32\sechost.dll
0x00007ffee6800000 - 0x00007ffee6925000 	C:\Windows\System32\RPCRT4.dll
0x00007ffee7610000 - 0x00007ffee77b1000 	C:\Windows\System32\USER32.dll
0x00007ffee6600000 - 0x00007ffee6622000 	C:\Windows\System32\win32u.dll
0x00007ffee8060000 - 0x00007ffee808b000 	C:\Windows\System32\GDI32.dll
0x00007ffee5fb0000 - 0x00007ffee60bd000 	C:\Windows\System32\gdi32full.dll
0x00007ffee5e90000 - 0x00007ffee5f2d000 	C:\Windows\System32\msvcp_win.dll
0x00007ffec61e0000 - 0x00007ffec647a000 	C:\Windows\WinSxS\amd64_microsoft.windows.common-controls_6595b64144ccf1df_6.0.19041.1110_none_60b5254171f9507e\COMCTL32.dll
0x00007ffedf730000 - 0x00007ffedf73a000 	C:\Windows\SYSTEM32\VERSION.dll
0x00007ffee7c60000 - 0x00007ffee7c90000 	C:\Windows\System32\IMM32.DLL
0x00007ffea2a80000 - 0x00007ffea2a8c000 	C:\Program Files\Java\bin\vcruntime140_1.dll
0x00007ffe95420000 - 0x00007ffe954ad000 	C:\Program Files\Java\bin\msvcp140.dll
0x00007ffe43d90000 - 0x00007ffe449a1000 	C:\Program Files\Java\bin\server\jvm.dll
0x00007ffee7f90000 - 0x00007ffee7f98000 	C:\Windows\System32\PSAPI.DLL
0x00007ffecf8f0000 - 0x00007ffecf8f9000 	C:\Windows\SYSTEM32\WSOCK32.dll
0x00007ffed2b60000 - 0x00007ffed2b87000 	C:\Windows\SYSTEM32\WINMM.dll
0x00007ffee7bf0000 - 0x00007ffee7c5b000 	C:\Windows\System32\WS2_32.dll
0x00007ffee4640000 - 0x00007ffee4652000 	C:\Windows\SYSTEM32\kernel.appcore.dll
0x00007ffea2a40000 - 0x00007ffea2a4a000 	C:\Program Files\Java\bin\jimage.dll
0x00007ffee3a60000 - 0x00007ffee3c44000 	C:\Windows\SYSTEM32\DBGHELP.DLL
0x00007ffecbf30000 - 0x00007ffecbf5c000 	C:\Windows\SYSTEM32\dbgcore.DLL
0x00007ffee5e00000 - 0x00007ffee5e82000 	C:\Windows\System32\bcryptPrimitives.dll
0x00007ffe96c10000 - 0x00007ffe96c35000 	C:\Program Files\Java\bin\java.dll
0x00007ffe87320000 - 0x00007ffe873f6000 	C:\Program Files\Java\bin\jsvml.dll
0x00007ffee6ec0000 - 0x00007ffee7604000 	C:\Windows\System32\SHELL32.dll
0x00007ffee3e90000 - 0x00007ffee4625000 	C:\Windows\SYSTEM32\windows.storage.dll
0x00007ffee8240000 - 0x00007ffee8595000 	C:\Windows\System32\combase.dll
0x00007ffee5700000 - 0x00007ffee572e000 	C:\Windows\SYSTEM32\Wldp.dll
0x00007ffee6990000 - 0x00007ffee6a3d000 	C:\Windows\System32\SHCORE.dll
0x00007ffee6930000 - 0x00007ffee6985000 	C:\Windows\System32\shlwapi.dll
0x00007ffee5d40000 - 0x00007ffee5d5f000 	C:\Windows\SYSTEM32\profapi.dll
0x00007ffe9ccd0000 - 0x00007ffe9cce3000 	C:\Program Files\Java\bin\net.dll
0x00007ffedd870000 - 0x00007ffedd97c000 	C:\Windows\SYSTEM32\WINHTTP.dll
0x00007ffee5480000 - 0x00007ffee54ea000 	C:\Windows\system32\mswsock.dll
0x00007ffe95570000 - 0x00007ffe95586000 	C:\Program Files\Java\bin\nio.dll
0x00007ffe95550000 - 0x00007ffe95568000 	C:\Program Files\Java\bin\zip.dll
0x00007ffea20a0000 - 0x00007ffea20b0000 	C:\Program Files\Java\bin\verify.dll
0x00007ffec72a0000 - 0x00007ffec72a9000 	C:\Program Files\Java\bin\management.dll
0x00007ffec2a50000 - 0x00007ffec2a5b000 	C:\Program Files\Java\bin\management_ext.dll
0x00007ffebca40000 - 0x00007ffebca57000 	C:\Windows\system32\napinsp.dll
0x00007ffebca10000 - 0x00007ffebca2b000 	C:\Windows\system32\pnrpnsp.dll
0x00007ffee00a0000 - 0x00007ffee00b5000 	C:\Windows\system32\wshbth.dll
0x00007ffee1410000 - 0x00007ffee142d000 	C:\Windows\system32\NLAapi.dll
0x00007ffee5190000 - 0x00007ffee51cb000 	C:\Windows\SYSTEM32\IPHLPAPI.DLL
0x00007ffee51d0000 - 0x00007ffee529b000 	C:\Windows\SYSTEM32\DNSAPI.dll
0x00007ffee6730000 - 0x00007ffee6738000 	C:\Windows\System32\NSI.dll
0x00007ffebc9f0000 - 0x00007ffebca02000 	C:\Windows\System32\winrnr.dll
0x00007ffedd1e0000 - 0x00007ffedd1ea000 	C:\Windows\System32\rasadhlp.dll
0x00007ffeda090000 - 0x00007ffeda10f000 	C:\Windows\System32\fwpuclnt.dll
0x00007ffee5f80000 - 0x00007ffee5fa7000 	C:\Windows\System32\bcrypt.dll
0x00007ffee5740000 - 0x00007ffee5758000 	C:\Windows\SYSTEM32\CRYPTSP.dll
0x00007ffee4e20000 - 0x00007ffee4e54000 	C:\Windows\system32\rsaenh.dll
0x00007ffee5cc0000 - 0x00007ffee5cee000 	C:\Windows\SYSTEM32\USERENV.dll
0x00007ffee5610000 - 0x00007ffee561c000 	C:\Windows\SYSTEM32\CRYPTBASE.dll
0x00007ffede610000 - 0x00007ffede627000 	C:\Windows\SYSTEM32\dhcpcsvc6.DLL
0x00007ffede5b0000 - 0x00007ffede5cd000 	C:\Windows\SYSTEM32\dhcpcsvc.DLL

dbghelp: loaded successfully - version: 4.0.5 - missing functions: none
symbol engine: initialized successfully - sym options: 0x614 - pdb path: .;C:\Program Files\Java\bin;C:\Windows\SYSTEM32;C:\Windows\WinSxS\amd64_microsoft.windows.common-controls_6595b64144ccf1df_6.0.19041.1110_none_60b5254171f9507e;C:\Program Files\Java\bin\server

VM Arguments:
jvm_args: -XX:TieredStopAtLevel=1 
java_command: com.example.demo.CarDealershipApplication
java_class_path (initial): D:\Car-Dealership(3)\target\classes;C:\Users\\.m2\repository\org\springframework\boot\spring-boot-starter-data-jpa\2.2.5.RELEASE\spring-boot-starter-data-jpa-2.2.5.RELEASE.jar;C:\Users\\.m2\repository\org\springframework\boot\spring-boot-starter-aop\2.2.5.RELEASE\spring-boot-starter-aop-2.2.5.RELEASE.jar;C:\Users\\.m2\repository\org\aspectj\aspectjweaver\1.9.5\aspectjweaver-1.9.5.jar;C:\Users\\.m2\repository\org\springframework\boot\spring-boot-starter-jdbc\2.2.5.RELEASE\spring-boot-starter-jdbc-2.2.5.RELEASE.jar;C:\Users\\.m2\repository\com\zaxxer\HikariCP\3.4.2\HikariCP-3.4.2.jar;C:\Users\\.m2\repository\org\springframework\spring-jdbc\5.2.4.RELEASE\spring-jdbc-5.2.4.RELEASE.jar;C:\Users\\.m2\repository\jakarta\activation\jakarta.activation-api\1.2.2\jakarta.activation-api-1.2.2.jar;C:\Users\\.m2\repository\jakarta\persistence\jakarta.persistence-api\2.2.3\jakarta.persistence-api-2.2.3.jar;C:\Users\\.m2\repository\jakarta\transaction\jakarta.transaction-api\1.3.3\jakarta.transaction-api-1.3.3.jar;C:\Users\\.m2\repository\org\hibernate\hibernate-core\5.4.12.Final\hibernate-core-5.4.12.Final.jar;C:\Users\\.m2\repository\org\jboss\logging\jboss-logging\3.4.1.Final\jboss-logging-3.4.1.Final.jar;C:\Users\\.m2\repository\org\javassist\javassist\3.24.0-GA\javassist-3.24.0-GA.jar;C:\Users\\.m2\repository\net\bytebuddy\byte-buddy\1.10.8\byte-buddy-1.10.8.jar;C:\Users\\.m2\repository\antlr\antlr\2.7.7\antlr-2.7.7.jar;C:\Users\\.m2\repository\org\jboss\jandex\2.1.1.Final\jandex-2.1.1.Final.jar;C:\Users\\.m2\repository\com\fasterxml\classmate\1.5.1\classmate-1.5.1.jar;C:\Users\\.m2\repository\org\dom4j\dom4j\2.1.1\dom4j-2.1.1.jar;C:\Users\\.m2\repository\org\hibernate\common\hibernate-commons-annotations\5.1.0.Final\hibernate-commons-annotations-5.1.0.Final.jar;C:\Users\\.m2\repository\org\glassfish\jaxb\jaxb-runtime\2.3.2\jaxb-runtime-2.3.2.jar;C:\Users\\.m2\repository\org\glassfish\jaxb\txw2\2.3.2\txw2-2.3.2.jar;C:\Users\\.m2\repository\com\sun\istack\istack-commons-runtime\3.0.8\istack-commons-runtime-3.0.8.jar;C:\Users\\.m2\repository\org\jvnet\staxex\stax-ex\1.8.1\stax-ex-1.8.1.jar;C:\Users\\.m2\repository\com\sun\xml\fastinfoset\FastInfoset\1.2.16\FastInfoset-1.2.16.jar;C:\Users\\.m2\repository\org\springframework\data\spring-data-jpa\2.2.5.RELEASE\spring-data-jpa-2.2.5.RELEASE.jar;C:\Users\\.m2\repository\org\springframework\data\spring-data-commons\2.2.5.RELEASE\spring-data-commons-2.2.5.RELEASE.jar;C:\Users\\.m2\repository\org\springframework\spring-orm\5.2.4.RELEASE\spring-orm-5.2.4.RELEASE.jar;C:\Users\\.m2\repository\org\springframework\spring-context\5.2.4.RELEASE\spring-context-5.2.4.RELEASE.jar;C:\Users\\.m2\repository\org\springframework\spring-tx\5.2.4.RELEASE\spring-tx-5.2.4.RELEASE.jar;C:\Users\\.m2\repository\org\springframework\spring-beans\5.2.4.RELEASE\spring-beans-5.2.4.RELEASE.jar;C:\Users\\.m2\repository\org\springframework\spring-aspects\5.2.4.RELEASE\spring-aspects-5.2.4.RELEASE.jar;C:\Users\\.m2\repository\org\springframework\boot\spring-boot-starter-security\2.2.5.RELEASE\spring-boot-starter-security-2.2.5.RELEASE.jar;C:\Users\\.m2\repository\org\springframework\boot\spring-boot-starter\2.2.5.RELEASE\spring-boot-starter-2.2.5.RELEASE.jar;C:\Users\\.m2\repository\org\springframework\boot\spring-boot\2.2.5.RELEASE\spring-boot-2.2.5.RELEASE.jar;C:\Users\\.m2\repository\org\springframework\boot\spring-boot-autoconfigure\2.2.5.RELEASE\spring-boot-autoconfigure-2.2.5.RELEASE.jar;C:\Users\\.m2\repository\org\springframework\boot\spring-boot-starter-logging\2.2.5.RELEASE\spring-boot-starter-logging-2.2.5.RELEASE.jar;C:\Users\\.m2\repository\ch\qos\logback\logback-classic\1.2.3\logback-classic-1.2.3.jar;C:\Users\\.m2\repository\ch\qos\logback\logback-core\1.2.3\logback-core-1.2.3.jar;C:\Users\\.m2\repository\org\apache\logging\log4j\log4j-to-slf4j\2.12.1\log4j-to-slf4j-2.12.1.jar;C:\Users\\.m2\repository\org\apache\logging\log4j\log4j-api\2.12.1\log4j-api-2.12.1.jar;C:\Users\\.m2\repository\org\slf4j\jul-to-slf4j\1.7.30\jul-to-slf4j-1.7.30.jar;C:\Users\\.m2\repository\jakarta\annotation\jakarta.annotation-api\1.3.5\jakarta.annotation-api-1.3.5.jar;C:\Users\\.m2\repository\org\yaml\snakeyaml\1.25\snakeyaml-1.25.jar;C:\Users\\.m2\repository\org\springframework\spring-aop\5.2.4.RELEASE\spring-aop-5.2.4.RELEASE.jar;C:\Users\\.m2\repository\org\springframework\security\spring-security-config\5.2.2.RELEASE\spring-security-config-5.2.2.RELEASE.jar;C:\Users\\.m2\repository\org\springframework\security\spring-security-web\5.2.2.RELEASE\spring-security-web-5.2.2.RELEASE.jar;C:\Users\\.m2\repository\org\springframework\spring-expression\5.2.4.RELEASE\spring-expression-5.2.4.RELEASE.jar;C:\Users\\.m2\repository\org\springframework\boot\spring-boot-starter-thymeleaf\2.2.5.RELEASE\spring-boot-starter-thymeleaf-2.2.5.RELEASE.jar;C:\Users\\.m2\repository\org\thymeleaf\thymeleaf-spring5\3.0.11.RELEASE\thymeleaf-spring5-3.0.11.RELEASE.jar;C:\Users\\.m2\repository\org\thymeleaf\thymeleaf\3.0.11.RELEASE\thymeleaf-3.0.11.RELEASE.jar;C:\Users\\.m2\repository\org\attoparser\attoparser\2.0.5.RELEASE\attoparser-2.0.5.RELEASE.jar;C:\Users\\.m2\repository\org\unbescape\unbescape\1.1.6.RELEASE\unbescape-1.1.6.RELEASE.jar;C:\Users\\.m2\repository\org\thymeleaf\extras\thymeleaf-extras-java8time\3.0.4.RELEASE\thymeleaf-extras-java8time-3.0.4.RELEASE.jar;C:\Users\\.m2\repository\org\springframework\boot\spring-boot-starter-web\2.2.5.RELEASE\spring-boot-starter-web-2.2.5.RELEASE.jar;C:\Users\\.m2\repository\org\springframework\boot\spring-boot-starter-json\2.2.5.RELEASE\spring-boot-starter-json-2.2.5.RELEASE.jar;C:\Users\\.m2\repository\com\fasterxml\jackson\core\jackson-databind\2.10.2\jackson-databind-2.10.2.jar;C:\Users\\.m2\repository\com\fasterxml\jackson\core\jackson-annotations\2.10.2\jackson-annotations-2.10.2.jar;C:\Users\\.m2\repository\com\fasterxml\jackson\core\jackson-core\2.10.2\jackson-core-2.10.2.jar;C:\Users\\.m2\repository\com\fasterxml\jackson\datatype\jackson-datatype-jdk8\2.10.2\jackson-datatype-jdk8-2.10.2.jar;C:\Users\\.m2\repository\com\fasterxml\jackson\datatype\jackson-datatype-jsr310\2.10.2\jackson-datatype-jsr310-2.10.2.jar;C:\Users\\.m2\repository\com\fasterxml\jackson\module\jackson-module-parameter-names\2.10.2\jackson-module-parameter-names-2.10.2.jar;C:\Users\\.m2\repository\org\springframework\boot\spring-boot-starter-tomcat\2.2.5.RELEASE\spring-boot-starter-tomcat-2.2.5.RELEASE.jar;C:\Users\\.m2\repository\org\apache\tomcat\embed\tomcat-embed-core\9.0.31\tomcat-embed-core-9.0.31.jar;C:\Users\\.m2\repository\org\apache\tomcat\embed\tomcat-embed-el\9.0.31\tomcat-embed-el-9.0.31.jar;C:\Users\\.m2\repository\org\apache\tomcat\embed\tomcat-embed-websocket\9.0.31\tomcat-embed-websocket-9.0.31.jar;C:\Users\\.m2\repository\org\springframework\boot\spring-boot-starter-validation\2.2.5.RELEASE\spring-boot-starter-validation-2.2.5.RELEASE.jar;C:\Users\\.m2\repository\jakarta\validation\jakarta.validation-api\2.0.2\jakarta.validation-api-2.0.2.jar;C:\Users\\.m2\repository\org\hibernate\validator\hibernate-validator\6.0.18.Final\hibernate-validator-6.0.18.Final.jar;C:\Users\\.m2\repository\org\springframework\spring-web\5.2.4.RELEASE\spring-web-5.2.4.RELEASE.jar;C:\Users\\.m2\repository\org\springframework\spring-webmvc\5.2.4.RELEASE\spring-webmvc-5.2.4.RELEASE.jar;C:\Users\\.m2\repository\mysql\mysql-connector-java\8.0.19\mysql-connector-java-8.0.19.jar;C:\Users\\.m2\repository\jakarta\xml\bind\jakarta.xml.bind-api\2.3.2\jakarta.xml.bind-api-2.3.2.jar;C:\Users\\.m2\repository\org\springframework\spring-core\5.2.4.RELEASE\spring-core-5.2.4.RELEASE.jar;C:\Users\\.m2\repository\org\springframework\spring-jcl\5.2.4.RELEASE\spring-jcl-5.2.4.RELEASE.jar;C:\Users\\.m2\repository\org\springframework\security\spring-security-core\5.2.2.RELEASE\spring-security-core-5.2.2.RELEASE.jar;C:\Users\\.m2\repository\org\thymeleaf\extras\thymeleaf-extras-springsecurity5\3.0.4.RELEASE\thymeleaf-extras-springsecurity5-3.0.4.RELEASE.jar;C:\Users\\.m2\repository\org\slf4j\slf4j-api\1.7.30\slf4j-api-1.7.30.jar;C:\Users\\.m2\repository\commons-validator\commons-validator\1.6\commons-validator-1.6.jar;C:\Users\\.m2\repository\commons-beanutils\commons-beanutils\1.9.2\commons-beanutils-1.9.2.jar;C:\Users\\.m2\repository\commons-digester\commons-digester\1.8.1\commons-digester-1.8.1.jar;C:\Users\\.m2\repository\commons-logging\commons-logging\1.2\commons-logging-1.2.jar;C:\Users\\.m2\repository\commons-collections\commons-collections\3.2.2\commons-collections-3.2.2.jar;C:\Users\\.m2\repository\commons-lang\commons-lang\2.6\commons-lang-2.6.jar;C:\Users\\.m2\repository\org\threeten\threetenbp\1.3.6\threetenbp-1.3.6.jar
Launcher Type: SUN_STANDARD

[Global flags]
     intx CICompilerCount                          = 3                                         {product} {ergonomic}
     uint ConcGCThreads                            = 1                                         {product} {ergonomic}
     uint G1ConcRefinementThreads                  = 4                                         {product} {ergonomic}
   size_t G1HeapRegionSize                         = 1048576                                   {product} {ergonomic}
    uintx GCDrainStackTargetSize                   = 64                                        {product} {ergonomic}
   size_t InitialHeapSize                          = 130023424                                 {product} {ergonomic}
   size_t MarkStackSize                            = 4194304                                   {product} {ergonomic}
   size_t MaxHeapSize                              = 2080374784                                {product} {ergonomic}
   size_t MaxNewSize                               = 1247805440                                {product} {ergonomic}
   size_t MinHeapDeltaBytes                        = 1048576                                   {product} {ergonomic}
   size_t MinHeapSize                              = 8388608                                   {product} {ergonomic}
    uintx NonProfiledCodeHeapSize                  = 0                                      {pd product} {ergonomic}
     bool ProfileInterpreter                       = false                                  {pd product} {command line}
    uintx ProfiledCodeHeapSize                     = 0                                      {pd product} {ergonomic}
   size_t SoftMaxHeapSize                          = 2080374784                             {manageable} {ergonomic}
     intx TieredStopAtLevel                        = 1                                         {product} {command line}
     bool UseCompressedClassPointers               = true                           {product lp64_product} {ergonomic}
     bool UseCompressedOops                        = true                           {product lp64_product} {ergonomic}
     bool UseG1GC                                  = true                                      {product} {ergonomic}
     bool UseLargePagesIndividualAllocation        = false                                  {pd product} {ergonomic}

Logging:
Log output configuration:
 #0: stdout all=warning uptime,level,tags foldmultilines=false
 #1: stderr all=off uptime,level,tags foldmultilines=false

Environment Variables:
JAVA_HOME=C:\Program Files\Java
PATH=C:\Program Files\Common Files\Oracle\Java\javapath;C:\Program Files (x86)\Common Files\Oracle\Java\javapath;C:\Windows\system32;C:\Windows;C:\Windows\System32\Wbem;C:\Windows\System32\WindowsPowerShell\v1.0\;C:\Windows\System32\OpenSSH\;C:\Program Files\dotnet\;C:\Program Files\Microsoft SQL Server\130\Tools\Binn\;C:\Program Files\Microsoft SQL Server\Client SDK\ODBC\170\Tools\Binn\;C:\Program Files (x86)\dotnet\;C:\Program Files (x86)\PuTTY\;D:\7\;C:\Users\\apache-maven-3.9.1\bin;C:\Users\\apache-maven-3.9.1\bin\bin;C:\Users\\apache-maven-3.9.1\bin;C:\Users\\AppData\Local\Microsoft\WindowsApps;D:\Microsoft VS Code\bin;C:\Users\\.dotnet\tools;C:\Intell IDEA\IntelliJ IDEA 2021.3.2\bin;;C:\Program Files\JetBrains\IntelliJ IDEA Community Edition 2021.3.2\bin;;C:\Users\\apache-maven-3.8.8\apache-maven\src\bin;C:\Users\\apache-maven-3.9.1\bin\bin;C:\Users\\apache-maven-3.9.1\bin;
USERNAME=
OS=Windows_NT
PROCESSOR_IDENTIFIER=Intel64 Family 6 Model 126 Stepping 5, GenuineIntel



---------------  S Y S T E M  ---------------

OS:
 Windows 10 , 64 bit Build 19041 (10.0.19041.1466)
OS uptime: 0 days 0:09 hours
Hyper-V role detected

CPU: total 4 (initial active 4) (2 cores per cpu, 2 threads per core) family 6 model 126 stepping 5 microcode 0x78, cx8, cmov, fxsr, ht, mmx, 3dnowpref, sse, sse2, sse3, ssse3, sse4.1, sse4.2, popcnt, lzcnt, tsc, tscinvbit, avx, avx2, aes, erms, clmul, bmi1, bmi2, adx, avx512f, avx512dq, avx512cd, avx512bw, avx512vl, sha, fma, vzeroupper, avx512_vpopcntdq, avx512_vpclmulqdq, avx512_vaes, avx512_vnni, clflush, clflushopt, avx512_vbmi2, avx512_vbmi, hv

Memory: 4k page, system-wide physical 7928M (493M free)
TotalPageFile size 9976M (AvailPageFile size 28M)
current process WorkingSet (physical memory assigned to process): 286M, peak: 294M
current process commit charge ("private bytes"): 347M, peak: 364M

vm_info: Java HotSpot(TM) 64-Bit Server VM (18.0.2.1+1-1) for windows-amd64 JRE (18.0.2.1+1-1), built on Aug 16 2022 01:46:33 by "mach5one" with MS VC++ 16.8 / 16.9 (VS2019)

END.
